0 info it worked if it ends with ok
1 verbose cli [ 'C:\\Program Files\\nodejs\\\\node.exe',
1 verbose cli   'C:\\Program Files\\nodejs\\node_modules\\npm\\bin\\npm-cli.js',
1 verbose cli   'install',
1 verbose cli   'http' ]
2 info using npm@1.3.8
3 info using node@v0.10.18
4 verbose node symlink C:\Program Files\nodejs\\node.exe
5 warn package.json HouseApplication@0.1.0 No repository field.
6 verbose readDependencies using package.json deps
7 verbose cache add [ 'http', null ]
8 verbose cache add name=undefined spec="http" args=["http",null]
9 verbose parsed url { protocol: null,
9 verbose parsed url   slashes: null,
9 verbose parsed url   auth: null,
9 verbose parsed url   host: null,
9 verbose parsed url   port: null,
9 verbose parsed url   hostname: null,
9 verbose parsed url   hash: null,
9 verbose parsed url   search: null,
9 verbose parsed url   query: null,
9 verbose parsed url   pathname: 'http',
9 verbose parsed url   path: 'http',
9 verbose parsed url   href: 'http' }
10 silly lockFile 77b5f8e3-http http
11 verbose lock http C:\Documents and Settings\pparkar\Application Data\npm-cache\77b5f8e3-http.lock
12 silly lockFile 77b5f8e3-http http
13 silly lockFile 77b5f8e3-http http
14 verbose addNamed [ 'http', '' ]
15 verbose addNamed [ null, '*' ]
16 silly lockFile c1086ff9-http http@
17 verbose lock http@ C:\Documents and Settings\pparkar\Application Data\npm-cache\c1086ff9-http.lock
18 silly addNameRange { name: 'http', range: '*', hasData: false }
19 verbose url raw http
20 verbose url resolving [ 'https://registry.npmjs.org/', './http' ]
21 verbose url resolved https://registry.npmjs.org/http
22 info trying registry request attempt 1 at 21:32:57
23 http GET https://registry.npmjs.org/http
24 http 404 https://registry.npmjs.org/http
25 silly registry.get cb [ 404,
25 silly registry.get   { server: 'CouchDB/1.3.1 (Erlang OTP/R15B03)',
25 silly registry.get     date: 'Mon, 11 Nov 2013 05:32:57 GMT',
25 silly registry.get     'content-type': 'application/json',
25 silly registry.get     'content-length': '52',
25 silly registry.get     'cache-control': 'must-revalidate' } ]
26 silly lockFile c1086ff9-http http@
27 silly lockFile c1086ff9-http http@
28 error 404 'http' is not in the npm registry.
28 error 404 You should bug the author to publish it
28 error 404
28 error 404 Note that you can also install from a
28 error 404 tarball, folder, or http url, or git url.
29 error System Windows_NT 5.1.2600
30 error command "C:\\Program Files\\nodejs\\\\node.exe" "C:\\Program Files\\nodejs\\node_modules\\npm\\bin\\npm-cli.js" "install" "http"
31 error cwd C:\Documents and Settings\pparkar\HouseApplication
32 error node -v v0.10.18
33 error npm -v 1.3.8
34 error code E404
35 verbose exit [ 1, true ]
